<?xml version="1.0" encoding="UTF-8" standalone="yes"?><!DOCTYPE report PUBLIC "-//JACOCO//DTD Report 1.1//EN" "report.dtd"><report name="parking-system"><sessioninfo id="starbanjo-junejournal-cb9f1516" start="1674207579890" dump="1674207580712"/><sessioninfo id="underfast-hydroaztec-97edb6be" start="1675771328048" dump="1675771330061"/><sessioninfo id="underfast-hydroaztec-c0203282" start="1675771746875" dump="1675771748837"/><sessioninfo id="underfast-hydroaztec-c228bac" start="1675771754654" dump="1675771757976"/><sessioninfo id="sportmanager-anagrampattern-97e37d94" start="1675796175644" dump="1675796180247"/><sessioninfo id="sportmanager-anagrampattern-ad9f9506" start="1675796192501" dump="1675796199478"/><sessioninfo id="mentorgolf-childmodem-c0e5aefb" start="1676975404065" dump="1676975406953"/><sessioninfo id="mentorgolf-childmodem-201b38eb" start="1676975731489" dump="1676975733810"/><sessioninfo id="mentorgolf-childmodem-55069f83" start="1676976313003" dump="1676976315044"/><sessioninfo id="mentorgolf-childmodem-7b025d88" start="1676976799302" dump="1676976801361"/><sessioninfo id="mentorgolf-childmodem-61184ce2" start="1676976862063" dump="1676976864139"/><sessioninfo id="mentorgolf-childmodem-dc068678" start="1677158847891" dump="1677158850108"/><sessioninfo id="mentorgolf-childmodem-13cb2f7b" start="1677159000434" dump="1677159003176"/><sessioninfo id="mentorgolf-childmodem-6eca71e6" start="1677159086411" dump="1677159088937"/><sessioninfo id="mentorgolf-childmodem-ad8b4b59" start="1677159155991" dump="1677159158481"/><sessioninfo id="mentorgolf-childmodem-f18ecca" start="1677159250981" dump="1677159253428"/><sessioninfo id="mentorgolf-childmodem-de17cde0" start="1677159313791" dump="1677159316414"/><sessioninfo id="mentorgolf-childmodem-2fb680a5" start="1677159359326" dump="1677159361871"/><sessioninfo id="mentorgolf-childmodem-7acc7ae" start="1677159386952" dump="1677159389366"/><sessioninfo id="mentorgolf-childmodem-8e45645f" start="1677159403935" dump="1677159406210"/><sessioninfo id="mentorgolf-childmodem-5b37e4b7" start="1677159489362" dump="1677159492535"/><sessioninfo id="mentorgolf-childmodem-1db237b1" start="1677159836690" dump="1677159840298"/><sessioninfo id="mentorgolf-childmodem-3b10ce35" start="1677161559047" dump="1677161561324"/><sessioninfo id="mentorgolf-childmodem-4d5b9959" start="1677161583166" dump="1677161586014"/><sessioninfo id="mentorgolf-childmodem-90a9c07a" start="1677161623564" dump="1677161625752"/><sessioninfo id="mentorgolf-childmodem-f7c65b43" start="1677161837686" dump="1677161839915"/><sessioninfo id="mentorgolf-childmodem-a48a0d55" start="1677161862869" dump="1677161865124"/><sessioninfo id="mentorgolf-childmodem-9eec5a28" start="1677161896946" dump="1677161899141"/><sessioninfo id="mentorgolf-childmodem-6bea0565" start="1677162106035" dump="1677162108451"/><sessioninfo id="mentorgolf-childmodem-b6c05d0f" start="1677162277691" dump="1677162279797"/><sessioninfo id="mentorgolf-childmodem-3b0fd7c3" start="1677162318259" dump="1677162320526"/><sessioninfo id="mentorgolf-childmodem-7167e744" start="1677162341665" dump="1677162343795"/><sessioninfo id="mentorgolf-childmodem-150040da" start="1677163324543" dump="1677163328549"/><sessioninfo id="mentorgolf-childmodem-a4de690e" start="1677239333550" dump="1677239335894"/><sessioninfo id="mentorgolf-childmodem-392fe913" start="1677239750035" dump="1677239752657"/><sessioninfo id="mentorgolf-childmodem-3e87669d" start="1677239889313" dump="1677239891619"/><sessioninfo id="mentorgolf-childmodem-ab8b38ba" start="1677239953110" dump="1677239955430"/><sessioninfo id="mentorgolf-childmodem-6d574060" start="1677240386248" dump="1677240388703"/><sessioninfo id="mentorgolf-childmodem-81708d49" start="1677240698057" dump="1677240700376"/><sessioninfo id="mentorgolf-childmodem-fa84de30" start="1677240725462" dump="1677240727755"/><sessioninfo id="mentorgolf-childmodem-ca749031" start="1677240751489" dump="1677240754213"/><sessioninfo id="mentorgolf-childmodem-3321ec59" start="1677240771845" dump="1677240772671"/><sessioninfo id="mentorgolf-childmodem-70229a2c" start="1677520375005" dump="1677520375871"/><sessioninfo id="mentorgolf-childmodem-327a9754" start="1677520392421" dump="1677520393288"/><sessioninfo id="mentorgolf-childmodem-3d1f2af7" start="1677520620735" dump="1677520621623"/><sessioninfo id="mentorgolf-childmodem-db0c10c8" start="1677520694270" dump="1677520696524"/><sessioninfo id="mentorgolf-childmodem-d051f6d2" start="1677520757826" dump="1677520760187"/><sessioninfo id="mentorgolf-childmodem-aa269494" start="1677520770552" dump="1677520771434"/><sessioninfo id="mentorgolf-childmodem-6589fab4" start="1677574760455" dump="1677574763212"/><sessioninfo id="mentorgolf-childmodem-280d2463" start="1677575891725" dump="1677575894224"/><sessioninfo id="mentorgolf-childmodem-9330a579" start="1677576049055" dump="1677576051479"/><sessioninfo id="mentorgolf-childmodem-23e61ce1" start="1677601712128" dump="1677601714549"/><sessioninfo id="mentorgolf-childmodem-1b80dda2" start="1677601877975" dump="1677601880729"/><sessioninfo id="mentorgolf-childmodem-af0ea613" start="1677602080135" dump="1677602082683"/><sessioninfo id="mentorgolf-childmodem-1d7cf01" start="1677666657342" dump="1677666658606"/><sessioninfo id="mentorgolf-childmodem-508f2bc8" start="1678354945893" dump="1678354948723"/><sessioninfo id="mentorgolf-childmodem-a17d74b1" start="1678354954805" dump="1678354959247"/><sessioninfo id="mentorgolf-childmodem-cb52a0b8" start="1678356930568" dump="1678356933422"/><sessioninfo id="mentorgolf-childmodem-895227ec" start="1678356979079" dump="1678356982212"/><sessioninfo id="mentorgolf-childmodem-19d78a87" start="1678357017876" dump="1678357020326"/><sessioninfo id="mentorgolf-childmodem-8fbcf426" start="1678357126021" dump="1678357128409"/><sessioninfo id="mentorgolf-childmodem-a98fa48c" start="1678357510264" dump="1678357513075"/><sessioninfo id="mentorgolf-childmodem-c8ed181" start="1678375397363" dump="1678375399930"/><sessioninfo id="mentorgolf-childmodem-33d7c734" start="1678375871434" dump="1678375875050"/><sessioninfo id="mentorgolf-childmodem-f8e6aa9" start="1678788366924" dump="1678788369211"/><sessioninfo id="mentorgolf-childmodem-a02ba670" start="1678789024006" dump="1678789026509"/><sessioninfo id="mentorgolf-childmodem-df9a547" start="1678789557637" dump="1678789559984"/><sessioninfo id="mentorgolf-childmodem-dd23502e" start="1678789852303" dump="1678789854879"/><sessioninfo id="mentorgolf-childmodem-7e832a75" start="1678801571939" dump="1678801574193"/><sessioninfo id="mentorgolf-childmodem-99c66876" start="1678801759468" dump="1678801762349"/><sessioninfo id="mentorgolf-childmodem-83e02b10" start="1678801804301" dump="1678801806606"/><sessioninfo id="mentorgolf-childmodem-167ea469" start="1678802125216" dump="1678802127570"/><sessioninfo id="mentorgolf-childmodem-fb822010" start="1678802170885" dump="1678802173311"/><sessioninfo id="mentorgolf-childmodem-6c24a25e" start="1678802470045" dump="1678802472499"/><sessioninfo id="mentorgolf-childmodem-aabec1a1" start="1678803073368" dump="1678803075934"/><sessioninfo id="mentorgolf-childmodem-73ea3b02" start="1678901709018" dump="1678901711735"/><sessioninfo id="mentorgolf-childmodem-aba7556c" start="1678902337865" dump="1678902340434"/><sessioninfo id="mentorgolf-childmodem-4847236b" start="1678902698098" dump="1678902700515"/><sessioninfo id="mentorgolf-childmodem-e2d8b244" start="1678904804833" dump="1678904807293"/><sessioninfo id="mentorgolf-childmodem-c082a517" start="1678904850397" dump="1678904853261"/><sessioninfo id="mentorgolf-childmodem-819db088" start="1678905236698" dump="1678905239023"/><sessioninfo id="mentorgolf-childmodem-972c8430" start="1678905375484" dump="1678905378335"/><sessioninfo id="mentorgolf-childmodem-17e2269d" start="1678967392253" dump="1678967395396"/><sessioninfo id="mentorgolf-childmodem-2683b2f2" start="1678967775510" dump="1678967777724"/><sessioninfo id="mentorgolf-childmodem-e44381b1" start="1679322839421" dump="1679322842333"/><sessioninfo id="mentorgolf-childmodem-5391d551" start="1679322930691" dump="1679322933967"/><sessioninfo id="mentorgolf-childmodem-46202caa" start="1679333951491" dump="1679333953980"/><sessioninfo id="mentorgolf-childmodem-8bc12a48" start="1679334109821" dump="1679334112126"/><sessioninfo id="mentorgolf-childmodem-96c4f250" start="1679334187550" dump="1679334189972"/><sessioninfo id="mentorgolf-childmodem-587b819f" start="1679334245835" dump="1679334248239"/><sessioninfo id="mentorgolf-childmodem-a55731f3" start="1679334369938" dump="1679334372247"/><sessioninfo id="mentorgolf-childmodem-26ef70" start="1679334894283" dump="1679334896594"/><sessioninfo id="mentorgolf-childmodem-3018120b" start="1679335128354" dump="1679335131414"/><sessioninfo id="mentorgolf-childmodem-bbbfee66" start="1679335304092" dump="1679335306416"/><sessioninfo id="mentorgolf-childmodem-bdc45913" start="1679401208516" dump="1679401211085"/><sessioninfo id="mentorgolf-childmodem-b37600de" start="1679401304232" dump="1679401306557"/><sessioninfo id="mentorgolf-childmodem-57ff883e" start="1679401641148" dump="1679401643486"/><sessioninfo id="mentorgolf-childmodem-66357136" start="1679652819186" dump="1679652822084"/><sessioninfo id="mentorgolf-childmodem-fc1aed75" start="1679652954347" dump="1679652956955"/><sessioninfo id="mentorgolf-childmodem-cc90dfaa" start="1679652985063" dump="1679652987668"/><sessioninfo id="mentorgolf-childmodem-c1bb3ee5" start="1679653126305" dump="1679653128777"/><sessioninfo id="mentorgolf-childmodem-ce473ae8" start="1679653222696" dump="1679653225071"/><sessioninfo id="mentorgolf-childmodem-823ced0c" start="1679653231561" dump="1679653235989"/><sessioninfo id="mentorgolf-childmodem-bb307a59" start="1679653253233" dump="1679653255657"/><sessioninfo id="mentorgolf-childmodem-61792573" start="1679653286435" dump="1679653288788"/><sessioninfo id="mentorgolf-childmodem-453b05c2" start="1679653325795" dump="1679653328305"/><sessioninfo id="mentorgolf-childmodem-403c995d" start="1679653359200" dump="1679653361524"/><sessioninfo id="mentorgolf-childmodem-7039c56" start="1679658798776" dump="1679658801240"/><sessioninfo id="mentorgolf-childmodem-d02386fc" start="1679670674958" dump="1679670677229"/><sessioninfo id="mentorgolf-childmodem-6d2247a9" start="1679671173459" dump="1679671176545"/><sessioninfo id="mentorgolf-childmodem-cb88f030" start="1679671252510" dump="1679671254892"/><sessioninfo id="mentorgolf-childmodem-3c690742" start="1679671286677" dump="1679671289078"/><sessioninfo id="mentorgolf-childmodem-a52f0027" start="1679671376643" dump="1679671379002"/><sessioninfo id="mentorgolf-childmodem-e53281e9" start="1679671385460" dump="1679671389215"/><sessioninfo id="mentorgolf-childmodem-20ec18d" start="1679671401656" dump="1679671404266"/><sessioninfo id="mentorgolf-childmodem-7a14202" start="1679671574151" dump="1679671576560"/><sessioninfo id="mentorgolf-childmodem-1374dc97" start="1679671621420" dump="1679671624555"/><sessioninfo id="mentorgolf-childmodem-eef264e2" start="1679671632283" dump="1679671637122"/><sessioninfo id="mentorgolf-childmodem-5ecc477d" start="1679671686602" dump="1679671689012"/><sessioninfo id="mentorgolf-childmodem-81b46228" start="1679671710156" dump="1679671712960"/><sessioninfo id="mentorgolf-childmodem-1f30dd99" start="1679673279104" dump="1679673280135"/><sessioninfo id="mentorgolf-childmodem-6fa2ed71" start="1679673288356" dump="1679673293868"/><sessioninfo id="mentorgolf-childmodem-9643b9be" start="1679935641984" dump="1679935642906"/><sessioninfo id="mentorgolf-childmodem-5379866" start="1679935761889" dump="1679935763241"/><sessioninfo id="mentorgolf-childmodem-35bfdece" start="1679936172014" dump="1679936173020"/><sessioninfo id="mentorgolf-childmodem-ad378ea5" start="1679936179100" dump="1679936183337"/><sessioninfo id="mentorgolf-childmodem-168e6e4c" start="1679936591709" dump="1679936595310"/><sessioninfo id="mentorgolf-childmodem-9b5e60d4" start="1679936872177" dump="1679936874589"/><sessioninfo id="mentorgolf-childmodem-9001a7d3" start="1680099573988" dump="1680099576290"/><sessioninfo id="mentorgolf-childmodem-3c1c6e2b" start="1680100281031" dump="1680100284635"/><sessioninfo id="mentorgolf-childmodem-995a1264" start="1680100321370" dump="1680100324860"/><sessioninfo id="mentorgolf-childmodem-6bbd13de" start="1680100333400" dump="1680100337668"/><sessioninfo id="mentorgolf-childmodem-70bbcf85" start="1680100590615" dump="1680100594233"/><sessioninfo id="mentorgolf-childmodem-2a9bdd47" start="1680100636678" dump="1680100640898"/><sessioninfo id="mentorgolf-childmodem-af60170e" start="1680100749323" dump="1680100751835"/><sessioninfo id="mentorgolf-childmodem-1896ebc7" start="1680100972400" dump="1680100974929"/><sessioninfo id="mentorgolf-childmodem-690307da" start="1680101055994" dump="1680101058786"/><sessioninfo id="mentorgolf-childmodem-e5a70dc6" start="1680101066646" dump="1680101072080"/><sessioninfo id="mentorgolf-childmodem-e430c247" start="1680167590216" dump="1680167592565"/><sessioninfo id="mentorgolf-childmodem-5c6aa42e" start="1680167616742" dump="1680167618876"/><sessioninfo id="mentorgolf-childmodem-3170846b" start="1680167625573" dump="1680167630285"/><sessioninfo id="mentorgolf-childmodem-b0d50458" start="1680167659393" dump="1680167661745"/><sessioninfo id="mentorgolf-childmodem-9c5a352c" start="1680167752329" dump="1680167754673"/><sessioninfo id="mentorgolf-childmodem-57bf2f71" start="1680167804193" dump="1680167807226"/><sessioninfo id="mentorgolf-childmodem-8b297535" start="1680167893470" dump="1680167895723"/><sessioninfo id="mentorgolf-childmodem-fde0e3f0" start="1680167990590" dump="1680167993096"/><sessioninfo id="mentorgolf-childmodem-3d2e5afe" start="1680168026875" dump="1680168029204"/><sessioninfo id="mentorgolf-childmodem-4666436d" start="1680168140600" dump="1680168142919"/><sessioninfo id="mentorgolf-childmodem-5bbc9804" start="1680168177237" dump="1680168179881"/><sessioninfo id="mentorgolf-childmodem-416ff0a6" start="1680168209862" dump="1680168212189"/><sessioninfo id="mentorgolf-childmodem-79b506f9" start="1680168301832" dump="1680168304556"/><sessioninfo id="mentorgolf-childmodem-c9375b9e" start="1680168502881" dump="1680168505235"/><sessioninfo id="mentorgolf-childmodem-ee7b5468" start="1680168624290" dump="1680168626463"/><sessioninfo id="mentorgolf-childmodem-1e14c1c5" start="1680168671999" dump="1680168674204"/><sessioninfo id="mentorgolf-childmodem-f3478f24" start="1680168700421" dump="1680168702683"/><sessioninfo id="mentorgolf-childmodem-a16e611e" start="1680168738492" dump="1680168740974"/><sessioninfo id="mentorgolf-childmodem-d58887c0" start="1680169119293" dump="1680169121922"/><sessioninfo id="mentorgolf-childmodem-97519174" start="1680169158700" dump="1680169161589"/><sessioninfo id="mentorgolf-childmodem-3c87b01e" start="1680169180948" dump="1680169183890"/><sessioninfo id="mentorgolf-childmodem-bd9c1ccb" start="1680169219803" dump="1680169222368"/><sessioninfo id="mentorgolf-childmodem-a081b694" start="1680169262669" dump="1680169264968"/><sessioninfo id="mentorgolf-childmodem-4363d091" start="1680169401102" dump="1680169408067"/><sessioninfo id="mentorgolf-childmodem-115b5b3" start="1680169438286" dump="1680169440859"/><sessioninfo id="mentorgolf-childmodem-4b0dc281" start="1680169481155" dump="1680169486681"/><sessioninfo id="mentorgolf-childmodem-53c0e437" start="1680169518359" dump="1680169526078"/><sessioninfo id="mentorgolf-childmodem-e164e336" start="1680169622319" dump="1680169624562"/><sessioninfo id="mentorgolf-childmodem-bbdbfe2b" start="1680169648847" dump="1680169651990"/><sessioninfo id="mentorgolf-childmodem-84265943" start="1680179490364" dump="1680179492846"/><sessioninfo id="mentorgolf-childmodem-de8a8b97" start="1680179633286" dump="1680179640223"/><sessioninfo id="mentorgolf-childmodem-1a94eb36" start="1680179663735" dump="1680179666415"/><sessioninfo id="mentorgolf-childmodem-e184953e" start="1680180292000" dump="1680180295557"/><sessioninfo id="mentorgolf-childmodem-63c39ee" start="1680180340267" dump="1680180342741"/><sessioninfo id="mentorgolf-childmodem-80a49ef2" start="1680180366446" dump="1680180368944"/><sessioninfo id="mentorgolf-childmodem-5a2153f5" start="1680188268261" dump="1680188271208"/><sessioninfo id="mentorgolf-childmodem-4159c6f1" start="1680188982182" dump="1680188984558"/><sessioninfo id="mentorgolf-childmodem-676f4ddb" start="1680189016488" dump="1680189019550"/><sessioninfo id="mentorgolf-childmodem-7b019b54" start="1680189062319" dump="1680189064773"/><sessioninfo id="mentorgolf-childmodem-75ae9eea" start="1680189392564" dump="1680189395079"/><sessioninfo id="mentorgolf-childmodem-5efefa59" start="1680190266210" dump="1680190269352"/><sessioninfo id="mentorgolf-childmodem-3d101cdb" start="1680521797545" dump="1680521800145"/><sessioninfo id="mentorgolf-childmodem-8c9d22bf" start="1680521834015" dump="1680521836342"/><sessioninfo id="mentorgolf-childmodem-5f24b61" start="1680521927592" dump="1680521929817"/><sessioninfo id="mentorgolf-childmodem-977e01f6" start="1680522102979" dump="1680522105265"/><sessioninfo id="mentorgolf-childmodem-eeaffc1d" start="1680522150160" dump="1680522152500"/><sessioninfo id="mentorgolf-childmodem-4a5c868a" start="1680522456634" dump="1680522459173"/><sessioninfo id="mentorgolf-childmodem-84077f6c" start="1680522506009" dump="1680522508446"/><sessioninfo id="mentorgolf-childmodem-f073e33b" start="1680522959237" dump="1680522962056"/><sessioninfo id="mentorgolf-childmodem-b04b018b" start="1680523009513" dump="1680523012086"/><sessioninfo id="mentorgolf-childmodem-8d4efe54" start="1680523018588" dump="1680523023406"/><sessioninfo id="mentorgolf-childmodem-e94a47c5" start="1680523328555" dump="1680523331225"/><sessioninfo id="mentorgolf-childmodem-e0629fa" start="1680523338503" dump="1680523344018"/><sessioninfo id="mentorgolf-childmodem-9c0aaff9" start="1680606101741" dump="1680606105255"/><sessioninfo id="mentorgolf-childmodem-c450ef" start="1680606112700" dump="1680606117256"/><sessioninfo id="mentorgolf-childmodem-35cc4156" start="1681137802013" dump="1681137805651"/><sessioninfo id="mentorgolf-childmodem-1e6750ef" start="1681137813460" dump="1681137818542"/><sessioninfo id="mentorgolf-childmodem-24746c56" start="1681741056056" dump="1681741058990"/><sessioninfo id="mentorgolf-childmodem-202ef029" start="1681741065471" dump="1681741068911"/><sessioninfo id="mentorgolf-childmodem-655ba51" start="1681741092002" dump="1681741095966"/><sessioninfo id="mentorgolf-childmodem-97f85afe" start="1681741103705" dump="1681741110429"/><sessioninfo id="mentorgolf-childmodem-aaf930db" start="1681741247446" dump="1681741254873"/><sessioninfo id="mentorgolf-childmodem-2f61b39a" start="1681741265558" dump="1681741274691"/><sessioninfo id="mentorgolf-childmodem-bb5e73af" start="1681741485016" dump="1681741488744"/><sessioninfo id="mentorgolf-childmodem-543d019c" start="1681741495705" dump="1681741502166"/><sessioninfo id="mentorgolf-childmodem-46ff9aec" start="1681741754067" dump="1681741762099"/><sessioninfo id="mentorgolf-childmodem-665c9e77" start="1681741772239" dump="1681741790287"/><sessioninfo id="mentorgolf-childmodem-1612cc6d" start="1681742190319" dump="1681742198236"/><sessioninfo id="mentorgolf-childmodem-8a23e07f" start="1681742206560" dump="1681742215275"/><sessioninfo id="mentorgolf-childmodem-d23493ed" start="1681742365357" dump="1681742371047"/><sessioninfo id="mentorgolf-childmodem-49cf34c5" start="1681742382080" dump="1681742388052"/><sessioninfo id="mentorgolf-childmodem-7730fc24" start="1681742491053" dump="1681742494349"/><sessioninfo id="mentorgolf-childmodem-3292fdbe" start="1681742502314" dump="1681742507523"/><sessioninfo id="mentorgolf-childmodem-b752f333" start="1681749988321" dump="1681749992277"/><sessioninfo id="mentorgolf-childmodem-49ec2935" start="1681749999057" dump="1681750003125"/><sessioninfo id="mentorgolf-childmodem-89ae690a" start="1681750415828" dump="1681750419258"/><sessioninfo id="mentorgolf-childmodem-2bc3e2da" start="1681750426188" dump="1681750430610"/><sessioninfo id="mentorgolf-childmodem-b4bd2c2b" start="1681750536636" dump="1681750539988"/><sessioninfo id="mentorgolf-childmodem-702cb45e" start="1681750547317" dump="1681750551330"/><sessioninfo id="mentorgolf-childmodem-6af5ee4d" start="1681750631577" dump="1681750634736"/><sessioninfo id="mentorgolf-childmodem-308be437" start="1681750641616" dump="1681750649261"/><sessioninfo id="mentorgolf-childmodem-6f933ea9" start="1681752032347" dump="1681752036228"/><sessioninfo id="mentorgolf-childmodem-f2a925f1" start="1681752043867" dump="1681752060863"/><package name="com/parkit/parkingsystem/service"><class name="com/parkit/parkingsystem/service/FareCalculatorService" sourcefilename="FareCalculatorService.java"><method name="&lt;init&gt;" desc="()V" line="8"><counter type="INSTRUCTION" missed="0" covered="3"/><counter type="LINE" missed="0" covered="1"/><counter type="COMPLEXITY" missed="0" covered="1"/><counter type="METHOD" missed="0" covered="1"/></method><method name="calculateFare" desc="(Lcom/parkit/parkingsystem/model/Ticket;Z)V" line="11"><counter type="INSTRUCTION" missed="5" covered="109"/><counter type="BRANCH" missed="2" covered="13"/><counter type="LINE" missed="1" covered="25"/><counter type="COMPLEXITY" missed="2" covered="7"/><counter type="METHOD" missed="0" covered="1"/></method><method name="calculateFare" desc="(Lcom/parkit/parkingsystem/model/Ticket;)V" line="55"><counter type="INSTRUCTION" missed="0" covered="5"/><counter type="LINE" missed="0" covered="2"/><counter type="COMPLEXITY" missed="0" covered="1"/><counter type="METHOD" missed="0" covered="1"/></method><counter type="INSTRUCTION" missed="5" covered="117"/><counter type="BRANCH" missed="2" covered="13"/><counter type="LINE" missed="1" covered="28"/><counter type="COMPLEXITY" missed="2" covered="9"/><counter type="METHOD" missed="0" covered="3"/><counter type="CLASS" missed="0" covered="1"/></class><class name="com/parkit/parkingsystem/service/ParkingService" sourcefilename="ParkingService.java"><method name="&lt;clinit&gt;" desc="()V" line="16"><counter type="INSTRUCTION" missed="0" covered="8"/><counter type="LINE" missed="0" covered="2"/><counter type="COMPLEXITY" missed="0" covered="1"/><counter type="METHOD" missed="0" covered="1"/></method><method name="&lt;init&gt;" desc="(Lcom/parkit/parkingsystem/util/InputReaderUtil;Lcom/parkit/parkingsystem/dao/ParkingSpotDAO;Lcom/parkit/parkingsystem/dao/TicketDAO;)V" line="24"><counter type="INSTRUCTION" missed="0" covered="12"/><counter type="LINE" missed="0" covered="5"/><counter type="COMPLEXITY" missed="0" covered="1"/><counter type="METHOD" missed="0" covered="1"/></method><method name="processIncomingVehicle" desc="()V" line="32"><counter type="INSTRUCTION" missed="5" covered="92"/><counter type="BRANCH" missed="2" covered="4"/><counter type="LINE" missed="1" covered="23"/><counter type="COMPLEXITY" missed="2" covered="2"/><counter type="METHOD" missed="0" covered="1"/></method><method name="getVehichleRegNumber" desc="()Ljava/lang/String;" line="66"><counter type="INSTRUCTION" missed="0" covered="7"/><counter type="LINE" missed="0" covered="2"/><counter type="COMPLEXITY" missed="0" covered="1"/><counter type="METHOD" missed="0" covered="1"/></method><method name="getNextParkingNumberIfAvailable" desc="()Lcom/parkit/parkingsystem/model/ParkingSpot;" line="71"><counter type="INSTRUCTION" missed="0" covered="40"/><counter type="BRANCH" missed="0" covered="2"/><counter type="LINE" missed="0" covered="13"/><counter type="COMPLEXITY" missed="0" covered="2"/><counter type="METHOD" missed="0" covered="1"/></method><method name="getVehichleType" desc="()Lcom/parkit/parkingsystem/constants/ParkingType;" line="90"><counter type="INSTRUCTION" missed="2" covered="25"/><counter type="BRANCH" missed="1" covered="2"/><counter type="LINE" missed="1" covered="8"/><counter type="COMPLEXITY" missed="1" covered="2"/><counter type="METHOD" missed="0" covered="1"/></method><method name="processExitingVehicle" desc="()V" line="110"><counter type="INSTRUCTION" missed="4" covered="80"/><counter type="BRANCH" missed="1" covered="3"/><counter type="LINE" missed="1" covered="19"/><counter type="COMPLEXITY" missed="1" covered="2"/><counter type="METHOD" missed="0" covered="1"/></method><counter type="INSTRUCTION" missed="11" covered="264"/><counter type="BRANCH" missed="4" covered="11"/><counter type="LINE" missed="3" covered="72"/><counter type="COMPLEXITY" missed="4" covered="11"/><counter type="METHOD" missed="0" covered="7"/><counter type="CLASS" missed="0" covered="1"/></class><class name="com/parkit/parkingsystem/service/InteractiveShell" sourcefilename="InteractiveShell.java"><method name="&lt;clinit&gt;" desc="()V" line="11"><counter type="INSTRUCTION" missed="4" covered="0"/><counter type="LINE" missed="1" covered="0"/><counter type="COMPLEXITY" missed="1" covered="0"/><counter type="METHOD" missed="1" covered="0"/></method><method name="&lt;init&gt;" desc="()V" line="9"><counter type="INSTRUCTION" missed="3" covered="0"/><counter type="LINE" missed="1" covered="0"/><counter type="COMPLEXITY" missed="1" covered="0"/><counter type="METHOD" missed="1" covered="0"/></method><method name="loadInterface" desc="()V" line="14"><counter type="INSTRUCTION" missed="52" covered="0"/><counter type="BRANCH" missed="6" covered="0"/><counter type="LINE" missed="20" covered="0"/><counter type="COMPLEXITY" missed="5" covered="0"/><counter type="METHOD" missed="1" covered="0"/></method><method name="loadMenu" desc="()V" line="46"><counter type="INSTRUCTION" missed="13" covered="0"/><counter type="LINE" missed="5" covered="0"/><counter type="COMPLEXITY" missed="1" covered="0"/><counter type="METHOD" missed="1" covered="0"/></method><counter type="INSTRUCTION" missed="72" covered="0"/><counter type="BRANCH" missed="6" covered="0"/><counter type="LINE" missed="27" covered="0"/><counter type="COMPLEXITY" missed="8" covered="0"/><counter type="METHOD" missed="4" covered="0"/><counter type="CLASS" missed="1" covered="0"/></class><sourcefile name="ParkingService.java"><line nr="16" mi="0" ci="3" mb="0" cb="0"/><line nr="18" mi="0" ci="5" mb="0" cb="0"/><line nr="24" mi="0" ci="2" mb="0" cb="0"/><line nr="25" mi="0" ci="3" mb="0" cb="0"/><line nr="26" mi="0" ci="3" mb="0" cb="0"/><line nr="27" mi="0" ci="3" mb="0" cb="0"/><line nr="28" mi="0" ci="1" mb="0" cb="0"/><line nr="32" mi="0" ci="3" mb="0" cb="0"/><line nr="33" mi="0" ci="5" mb="2" cb="2"/><line nr="34" mi="0" ci="3" mb="0" cb="0"/><line nr="35" mi="0" ci="3" mb="0" cb="0"/><line nr="36" mi="0" ci="5" mb="0" cb="0"/><line nr="38" mi="0" ci="4" mb="0" cb="0"/><line nr="39" mi="0" ci="4" mb="0" cb="0"/><line nr="42" mi="0" ci="3" mb="0" cb="0"/><line nr="43" mi="0" ci="3" mb="0" cb="0"/><line nr="44" mi="0" ci="3" mb="0" cb="0"/><line nr="45" mi="0" ci="3" mb="0" cb="0"/><line nr="46" mi="0" ci="3" mb="0" cb="0"/><line nr="47" mi="0" ci="5" mb="0" cb="0"/><line nr="49" mi="0" ci="6" mb="0" cb="0"/><line nr="51" mi="0" ci="4" mb="0" cb="2"/><line nr="52" mi="0" ci="3" mb="0" cb="0"/><line nr="53" mi="0" ci="1" mb="0" cb="0"/><line nr="54" mi="0" ci="3" mb="0" cb="0"/><line nr="56" mi="0" ci="3" mb="0" cb="0"/><line nr="57" mi="0" ci="10" mb="0" cb="0"/><line nr="58" mi="0" ci="13" mb="0" cb="0"/><line nr="60" mi="1" ci="1" mb="0" cb="0"/><line nr="61" mi="4" ci="0" mb="0" cb="0"/><line nr="63" mi="0" ci="1" mb="0" cb="0"/><line nr="66" mi="0" ci="3" mb="0" cb="0"/><line nr="67" mi="0" ci="4" mb="0" cb="0"/><line nr="71" mi="0" ci="2" mb="0" cb="0"/><line nr="72" mi="0" ci="2" mb="0" cb="0"/><line nr="74" mi="0" ci="3" mb="0" cb="0"/><line nr="75" mi="0" ci="5" mb="0" cb="0"/><line nr="76" mi="0" ci="2" mb="0" cb="2"/><line nr="77" mi="0" ci="7" mb="0" cb="0"/><line nr="78" mi="0" ci="1" mb="0" cb="0"/><line nr="79" mi="0" ci="5" mb="0" cb="0"/><line nr="81" mi="0" ci="1" mb="0" cb="0"/><line nr="82" mi="0" ci="5" mb="0" cb="0"/><line nr="83" mi="0" ci="1" mb="0" cb="0"/><line nr="84" mi="0" ci="4" mb="0" cb="0"/><line nr="86" mi="0" ci="2" mb="0" cb="0"/><line nr="90" mi="0" ci="3" mb="0" cb="0"/><line nr="91" mi="0" ci="3" mb="0" cb="0"/><line nr="92" mi="0" ci="3" mb="0" cb="0"/><line nr="93" mi="0" ci="4" mb="0" cb="0"/><line nr="94" mi="0" ci="2" mb="1" cb="2"/><line nr="96" mi="0" ci="2" mb="0" cb="0"/><line nr="99" mi="2" ci="0" mb="0" cb="0"/><line nr="102" mi="0" ci="3" mb="0" cb="0"/><line nr="103" mi="0" ci="5" mb="0" cb="0"/><line nr="110" mi="0" ci="3" mb="0" cb="0"/><line nr="111" mi="0" ci="5" mb="0" cb="0"/><line nr="112" mi="0" ci="4" mb="0" cb="0"/><line nr="113" mi="0" ci="3" mb="0" cb="0"/><line nr="114" mi="0" ci="6" mb="0" cb="0"/><line nr="116" mi="0" ci="4" mb="0" cb="2"/><line nr="117" mi="0" ci="4" mb="0" cb="0"/><line nr="118" mi="0" ci="1" mb="0" cb="0"/><line nr="119" mi="0" ci="3" mb="0" cb="0"/><line nr="122" mi="0" ci="5" mb="1" cb="1"/><line nr="123" mi="0" ci="3" mb="0" cb="0"/><line nr="124" mi="0" ci="3" mb="0" cb="0"/><line nr="125" mi="0" ci="5" mb="0" cb="0"/><line nr="126" mi="0" ci="10" mb="0" cb="0"/><line nr="127" mi="0" ci="14" mb="0" cb="0"/><line nr="128" mi="0" ci="1" mb="0" cb="0"/><line nr="129" mi="3" ci="0" mb="0" cb="0"/><line nr="131" mi="1" ci="1" mb="0" cb="0"/><line nr="132" mi="0" ci="4" mb="0" cb="0"/><line nr="134" mi="0" ci="1" mb="0" cb="0"/><counter type="INSTRUCTION" missed="11" covered="264"/><counter type="BRANCH" missed="4" covered="11"/><counter type="LINE" missed="3" covered="72"/><counter type="COMPLEXITY" missed="4" covered="11"/><counter type="METHOD" missed="0" covered="7"/><counter type="CLASS" missed="0" covered="1"/></sourcefile><sourcefile name="InteractiveShell.java"><line nr="9" mi="3" ci="0" mb="0" cb="0"/><line nr="11" mi="4" ci="0" mb="0" cb="0"/><line nr="14" mi="3" ci="0" mb="0" cb="0"/><line nr="15" mi="3" ci="0" mb="0" cb="0"/><line nr="17" mi="2" ci="0" mb="0" cb="0"/><line nr="18" mi="4" ci="0" mb="0" cb="0"/><line nr="19" mi="4" ci="0" mb="0" cb="0"/><line nr="20" mi="4" ci="0" mb="0" cb="0"/><line nr="21" mi="7" ci="0" mb="0" cb="0"/><line nr="23" mi="3" ci="0" mb="2" cb="0"/><line nr="24" mi="1" ci="0" mb="0" cb="0"/><line nr="25" mi="3" ci="0" mb="0" cb="0"/><line nr="26" mi="2" ci="0" mb="4" cb="0"/><line nr="28" mi="2" ci="0" mb="0" cb="0"/><line nr="29" mi="1" ci="0" mb="0" cb="0"/><line nr="32" mi="2" ci="0" mb="0" cb="0"/><line nr="33" mi="1" ci="0" mb="0" cb="0"/><line nr="36" mi="3" ci="0" mb="0" cb="0"/><line nr="37" mi="2" ci="0" mb="0" cb="0"/><line nr="38" mi="1" ci="0" mb="0" cb="0"/><line nr="40" mi="3" ci="0" mb="0" cb="0"/><line nr="43" mi="1" ci="0" mb="0" cb="0"/><line nr="46" mi="3" ci="0" mb="0" cb="0"/><line nr="47" mi="3" ci="0" mb="0" cb="0"/><line nr="48" mi="3" ci="0" mb="0" cb="0"/><line nr="49" mi="3" ci="0" mb="0" cb="0"/><line nr="50" mi="1" ci="0" mb="0" cb="0"/><counter type="INSTRUCTION" missed="72" covered="0"/><counter type="BRANCH" missed="6" covered="0"/><counter type="LINE" missed="27" covered="0"/><counter type="COMPLEXITY" missed="8" covered="0"/><counter type="METHOD" missed="4" covered="0"/><counter type="CLASS" missed="1" covered="0"/></sourcefile><sourcefile name="FareCalculatorService.java"><line nr="8" mi="0" ci="3" mb="0" cb="0"/><line nr="11" mi="0" ci="9" mb="1" cb="3"/><line nr="12" mi="0" ci="13" mb="0" cb="0"/><line nr="15" mi="0" ci="5" mb="0" cb="0"/><line nr="16" mi="0" ci="5" mb="0" cb="0"/><line nr="19" mi="0" ci="6" mb="0" cb="0"/><line nr="20" mi="0" ci="8" mb="0" cb="0"/><line nr="21" mi="0" ci="3" mb="0" cb="0"/><line nr="23" mi="0" ci="7" mb="1" cb="2"/><line nr="25" mi="0" ci="4" mb="0" cb="2"/><line nr="26" mi="0" ci="5" mb="0" cb="0"/><line nr="27" mi="0" ci="1" mb="0" cb="0"/><line nr="30" mi="0" ci="2" mb="0" cb="2"/><line nr="31" mi="0" ci="7" mb="0" cb="0"/><line nr="32" mi="0" ci="1" mb="0" cb="0"/><line nr="33" mi="0" ci="5" mb="0" cb="0"/><line nr="35" mi="0" ci="1" mb="0" cb="0"/><line nr="38" mi="0" ci="4" mb="0" cb="2"/><line nr="39" mi="0" ci="5" mb="0" cb="0"/><line nr="40" mi="0" ci="1" mb="0" cb="0"/><line nr="43" mi="0" ci="2" mb="0" cb="2"/><line nr="44" mi="0" ci="7" mb="0" cb="0"/><line nr="45" mi="0" ci="1" mb="0" cb="0"/><line nr="46" mi="0" ci="5" mb="0" cb="0"/><line nr="48" mi="0" ci="1" mb="0" cb="0"/><line nr="50" mi="5" ci="0" mb="0" cb="0"/><line nr="52" mi="0" ci="1" mb="0" cb="0"/><line nr="55" mi="0" ci="4" mb="0" cb="0"/><line nr="56" mi="0" ci="1" mb="0" cb="0"/><counter type="INSTRUCTION" missed="5" covered="117"/><counter type="BRANCH" missed="2" covered="13"/><counter type="LINE" missed="1" covered="28"/><counter type="COMPLEXITY" missed="2" covered="9"/><counter type="METHOD" missed="0" covered="3"/><counter type="CLASS" missed="0" covered="1"/></sourcefile><counter type="INSTRUCTION" missed="88" covered="381"/><counter type="BRANCH" missed="12" covered="24"/><counter type="LINE" missed="31" covered="100"/><counter type="COMPLEXITY" missed="14" covered="20"/><counter type="METHOD" missed="4" covered="10"/><counter type="CLASS" missed="1" covered="2"/></package><package name="com/parkit/parkingsystem"><class name="com/parkit/parkingsystem/App" sourcefilename="App.java"><method name="&lt;clinit&gt;" desc="()V" line="8"><counter type="INSTRUCTION" missed="4" covered="0"/><counter type="LINE" missed="1" covered="0"/><counter type="COMPLEXITY" missed="1" covered="0"/><counter type="METHOD" missed="1" covered="0"/></method><method name="&lt;init&gt;" desc="()V" line="7"><counter type="INSTRUCTION" missed="3" covered="0"/><counter type="LINE" missed="1" covered="0"/><counter type="COMPLEXITY" missed="1" covered="0"/><counter type="METHOD" missed="1" covered="0"/></method><method name="main" desc="([Ljava/lang/String;)V" line="10"><counter type="INSTRUCTION" missed="5" covered="0"/><counter type="LINE" missed="3" covered="0"/><counter type="COMPLEXITY" missed="1" covered="0"/><counter type="METHOD" missed="1" covered="0"/></method><counter type="INSTRUCTION" missed="12" covered="0"/><counter type="LINE" missed="5" covered="0"/><counter type="COMPLEXITY" missed="3" covered="0"/><counter type="METHOD" missed="3" covered="0"/><counter type="CLASS" missed="1" covered="0"/></class><sourcefile name="App.java"><line nr="7" mi="3" ci="0" mb="0" cb="0"/><line nr="8" mi="4" ci="0" mb="0" cb="0"/><line nr="10" mi="3" ci="0" mb="0" cb="0"/><line nr="11" mi="1" ci="0" mb="0" cb="0"/><line nr="12" mi="1" ci="0" mb="0" cb="0"/><counter type="INSTRUCTION" missed="12" covered="0"/><counter type="LINE" missed="5" covered="0"/><counter type="COMPLEXITY" missed="3" covered="0"/><counter type="METHOD" missed="3" covered="0"/><counter type="CLASS" missed="1" covered="0"/></sourcefile><counter type="INSTRUCTION" missed="12" covered="0"/><counter type="LINE" missed="5" covered="0"/><counter type="COMPLEXITY" missed="3" covered="0"/><counter type="METHOD" missed="3" covered="0"/><counter type="CLASS" missed="1" covered="0"/></package><package name="com/parkit/parkingsystem/model"><class name="com/parkit/parkingsystem/model/ParkingSpot" sourcefilename="ParkingSpot.java"><method name="&lt;init&gt;" desc="(ILcom/parkit/parkingsystem/constants/ParkingType;Z)V" line="10"><counter type="INSTRUCTION" missed="0" covered="12"/><counter type="LINE" missed="0" covered="5"/><counter type="COMPLEXITY" missed="0" covered="1"/><counter type="METHOD" missed="0" covered="1"/></method><method name="getId" desc="()I" line="17"><counter type="INSTRUCTION" missed="0" covered="3"/><counter type="LINE" missed="0" covered="1"/><counter type="COMPLEXITY" missed="0" covered="1"/><counter type="METHOD" missed="0" covered="1"/></method><method name="setId" desc="(I)V" line="21"><counter type="INSTRUCTION" missed="4" covered="0"/><counter type="LINE" missed="2" covered="0"/><counter type="COMPLEXITY" missed="1" covered="0"/><counter type="METHOD" missed="1" covered="0"/></method><method name="getParkingType" desc="()Lcom/parkit/parkingsystem/constants/ParkingType;" line="25"><counter type="INSTRUCTION" missed="0" covered="3"/><counter type="LINE" missed="0" covered="1"/><counter type="COMPLEXITY" missed="0" covered="1"/><counter type="METHOD" missed="0" covered="1"/></method><method name="setParkingType" desc="(Lcom/parkit/parkingsystem/constants/ParkingType;)V" line="29"><counter type="INSTRUCTION" missed="4" covered="0"/><counter type="LINE" missed="2" covered="0"/><counter type="COMPLEXITY" missed="1" covered="0"/><counter type="METHOD" missed="1" covered="0"/></method><method name="isAvailable" desc="()Z" line="33"><counter type="INSTRUCTION" missed="0" covered="3"/><counter type="LINE" missed="0" covered="1"/><counter type="COMPLEXITY" missed="0" covered="1"/><counter type="METHOD" missed="0" covered="1"/></method><method name="setAvailable" desc="(Z)V" line="37"><counter type="INSTRUCTION" missed="0" covered="4"/><counter type="LINE" missed="0" covered="2"/><counter type="COMPLEXITY" missed="0" covered="1"/><counter type="METHOD" missed="0" covered="1"/></method><counter type="INSTRUCTION" missed="8" covered="25"/><counter type="LINE" missed="4" covered="10"/><counter type="COMPLEXITY" missed="2" covered="5"/><counter type="METHOD" missed="2" covered="5"/><counter type="CLASS" missed="0" covered="1"/></class><class name="com/parkit/parkingsystem/model/Ticket" sourcefilename="Ticket.java"><method name="&lt;init&gt;" desc="()V" line="6"><counter type="INSTRUCTION" missed="0" covered="3"/><counter type="LINE" missed="0" covered="1"/><counter type="COMPLEXITY" missed="0" covered="1"/><counter type="METHOD" missed="0" covered="1"/></method><method name="getId" desc="()I" line="15"><counter type="INSTRUCTION" missed="0" covered="3"/><counter type="LINE" missed="0" covered="1"/><counter type="COMPLEXITY" missed="0" covered="1"/><counter type="METHOD" missed="0" covered="1"/></method><method name="setId" desc="(I)V" line="19"><counter type="INSTRUCTION" missed="0" covered="4"/><counter type="LINE" missed="0" covered="2"/><counter type="COMPLEXITY" missed="0" covered="1"/><counter type="METHOD" missed="0" covered="1"/></method><method name="getParkingSpot" desc="()Lcom/parkit/parkingsystem/model/ParkingSpot;" line="23"><counter type="INSTRUCTION" missed="0" covered="3"/><counter type="LINE" missed="0" covered="1"/><counter type="COMPLEXITY" missed="0" covered="1"/><counter type="METHOD" missed="0" covered="1"/></method><method name="setParkingSpot" desc="(Lcom/parkit/parkingsystem/model/ParkingSpot;)V" line="27"><counter type="INSTRUCTION" missed="0" covered="4"/><counter type="LINE" missed="0" covered="2"/><counter type="COMPLEXITY" missed="0" covered="1"/><counter type="METHOD" missed="0" covered="1"/></method><method name="getVehicleRegNumber" desc="()Ljava/lang/String;" line="31"><counter type="INSTRUCTION" missed="0" covered="3"/><counter type="LINE" missed="0" covered="1"/><counter type="COMPLEXITY" missed="0" covered="1"/><counter type="METHOD" missed="0" covered="1"/></method><method name="setVehicleRegNumber" desc="(Ljava/lang/String;)V" line="35"><counter type="INSTRUCTION" missed="0" covered="4"/><counter type="LINE" missed="0" covered="2"/><counter type="COMPLEXITY" missed="0" covered="1"/><counter type="METHOD" missed="0" covered="1"/></method><method name="getPrice" desc="()D" line="39"><counter type="INSTRUCTION" missed="0" covered="3"/><counter type="LINE" missed="0" covered="1"/><counter type="COMPLEXITY" missed="0" covered="1"/><counter type="METHOD" missed="0" covered="1"/></method><method name="setPrice" desc="(D)V" line="43"><counter type="INSTRUCTION" missed="0" covered="4"/><counter type="LINE" missed="0" covered="2"/><counter type="COMPLEXITY" missed="0" covered="1"/><counter type="METHOD" missed="0" covered="1"/></method><method name="getInTime" desc="()Ljava/util/Date;" line="47"><counter type="INSTRUCTION" missed="0" covered="3"/><counter type="LINE" missed="0" covered="1"/><counter type="COMPLEXITY" missed="0" covered="1"/><counter type="METHOD" missed="0" covered="1"/></method><method name="setInTime" desc="(Ljava/util/Date;)V" line="51"><counter type="INSTRUCTION" missed="0" covered="4"/><counter type="LINE" missed="0" covered="2"/><counter type="COMPLEXITY" missed="0" covered="1"/><counter type="METHOD" missed="0" covered="1"/></method><method name="getOutTime" desc="()Ljava/util/Date;" line="55"><counter type="INSTRUCTION" missed="0" covered="3"/><counter type="LINE" missed="0" covered="1"/><counter type="COMPLEXITY" missed="0" covered="1"/><counter type="METHOD" missed="0" covered="1"/></method><method name="setOutTime" desc="(Ljava/util/Date;)V" line="59"><counter type="INSTRUCTION" missed="0" covered="4"/><counter type="LINE" missed="0" covered="2"/><counter type="COMPLEXITY" missed="0" covered="1"/><counter type="METHOD" missed="0" covered="1"/></method><counter type="INSTRUCTION" missed="0" covered="45"/><counter type="LINE" missed="0" covered="19"/><counter type="COMPLEXITY" missed="0" covered="13"/><counter type="METHOD" missed="0" covered="13"/><counter type="CLASS" missed="0" covered="1"/></class><sourcefile name="Ticket.java"><line nr="6" mi="0" ci="3" mb="0" cb="0"/><line nr="15" mi="0" ci="3" mb="0" cb="0"/><line nr="19" mi="0" ci="3" mb="0" cb="0"/><line nr="20" mi="0" ci="1" mb="0" cb="0"/><line nr="23" mi="0" ci="3" mb="0" cb="0"/><line nr="27" mi="0" ci="3" mb="0" cb="0"/><line nr="28" mi="0" ci="1" mb="0" cb="0"/><line nr="31" mi="0" ci="3" mb="0" cb="0"/><line nr="35" mi="0" ci="3" mb="0" cb="0"/><line nr="36" mi="0" ci="1" mb="0" cb="0"/><line nr="39" mi="0" ci="3" mb="0" cb="0"/><line nr="43" mi="0" ci="3" mb="0" cb="0"/><line nr="44" mi="0" ci="1" mb="0" cb="0"/><line nr="47" mi="0" ci="3" mb="0" cb="0"/><line nr="51" mi="0" ci="3" mb="0" cb="0"/><line nr="52" mi="0" ci="1" mb="0" cb="0"/><line nr="55" mi="0" ci="3" mb="0" cb="0"/><line nr="59" mi="0" ci="3" mb="0" cb="0"/><line nr="60" mi="0" ci="1" mb="0" cb="0"/><counter type="INSTRUCTION" missed="0" covered="45"/><counter type="LINE" missed="0" covered="19"/><counter type="COMPLEXITY" missed="0" covered="13"/><counter type="METHOD" missed="0" covered="13"/><counter type="CLASS" missed="0" covered="1"/></sourcefile><sourcefile name="ParkingSpot.java"><line nr="10" mi="0" ci="2" mb="0" cb="0"/><line nr="11" mi="0" ci="3" mb="0" cb="0"/><line nr="12" mi="0" ci="3" mb="0" cb="0"/><line nr="13" mi="0" ci="3" mb="0" cb="0"/><line nr="14" mi="0" ci="1" mb="0" cb="0"/><line nr="17" mi="0" ci="3" mb="0" cb="0"/><line nr="21" mi="3" ci="0" mb="0" cb="0"/><line nr="22" mi="1" ci="0" mb="0" cb="0"/><line nr="25" mi="0" ci="3" mb="0" cb="0"/><line nr="29" mi="3" ci="0" mb="0" cb="0"/><line nr="30" mi="1" ci="0" mb="0" cb="0"/><line nr="33" mi="0" ci="3" mb="0" cb="0"/><line nr="37" mi="0" ci="3" mb="0" cb="0"/><line nr="38" mi="0" ci="1" mb="0" cb="0"/><counter type="INSTRUCTION" missed="8" covered="25"/><counter type="LINE" missed="4" covered="10"/><counter type="COMPLEXITY" missed="2" covered="5"/><counter type="METHOD" missed="2" covered="5"/><counter type="CLASS" missed="0" covered="1"/></sourcefile><counter type="INSTRUCTION" missed="8" covered="70"/><counter type="LINE" missed="4" covered="29"/><counter type="COMPLEXITY" missed="2" covered="18"/><counter type="METHOD" missed="2" covered="18"/><counter type="CLASS" missed="0" covered="2"/></package><package name="com/parkit/parkingsystem/constants"><class name="com/parkit/parkingsystem/constants/Fare" sourcefilename="Fare.java"><method name="&lt;init&gt;" desc="()V" line="3"><counter type="INSTRUCTION" missed="3" covered="0"/><counter type="LINE" missed="1" covered="0"/><counter type="COMPLEXITY" missed="1" covered="0"/><counter type="METHOD" missed="1" covered="0"/></method><counter type="INSTRUCTION" missed="3" covered="0"/><counter type="LINE" missed="1" covered="0"/><counter type="COMPLEXITY" missed="1" covered="0"/><counter type="METHOD" missed="1" covered="0"/><counter type="CLASS" missed="1" covered="0"/></class><class name="com/parkit/parkingsystem/constants/ParkingType" sourcefilename="ParkingType.java"><method name="&lt;clinit&gt;" desc="()V" line="3"><counter type="INSTRUCTION" missed="0" covered="24"/><counter type="LINE" missed="0" covered="3"/><counter type="COMPLEXITY" missed="0" covered="1"/><counter type="METHOD" missed="0" covered="1"/></method><counter type="INSTRUCTION" missed="0" covered="24"/><counter type="LINE" missed="0" covered="3"/><counter type="COMPLEXITY" missed="0" covered="1"/><counter type="METHOD" missed="0" covered="1"/><counter type="CLASS" missed="0" covered="1"/></class><class name="com/parkit/parkingsystem/constants/DBConstants" sourcefilename="DBConstants.java"><method name="&lt;init&gt;" desc="()V" line="3"><counter type="INSTRUCTION" missed="3" covered="0"/><counter type="LINE" missed="1" covered="0"/><counter type="COMPLEXITY" missed="1" covered="0"/><counter type="METHOD" missed="1" covered="0"/></method><counter type="INSTRUCTION" missed="3" covered="0"/><counter type="LINE" missed="1" covered="0"/><counter type="COMPLEXITY" missed="1" covered="0"/><counter type="METHOD" missed="1" covered="0"/><counter type="CLASS" missed="1" covered="0"/></class><sourcefile name="DBConstants.java"><line nr="3" mi="3" ci="0" mb="0" cb="0"/><counter type="INSTRUCTION" missed="3" covered="0"/><counter type="LINE" missed="1" covered="0"/><counter type="COMPLEXITY" missed="1" covered="0"/><counter type="METHOD" missed="1" covered="0"/><counter type="CLASS" missed="1" covered="0"/></sourcefile><sourcefile name="ParkingType.java"><line nr="3" mi="0" ci="12" mb="0" cb="0"/><line nr="4" mi="0" ci="6" mb="0" cb="0"/><line nr="5" mi="0" ci="6" mb="0" cb="0"/><counter type="INSTRUCTION" missed="0" covered="24"/><counter type="LINE" missed="0" covered="3"/><counter type="COMPLEXITY" missed="0" covered="1"/><counter type="METHOD" missed="0" covered="1"/><counter type="CLASS" missed="0" covered="1"/></sourcefile><sourcefile name="Fare.java"><line nr="3" mi="3" ci="0" mb="0" cb="0"/><counter type="INSTRUCTION" missed="3" covered="0"/><counter type="LINE" missed="1" covered="0"/><counter type="COMPLEXITY" missed="1" covered="0"/><counter type="METHOD" missed="1" covered="0"/><counter type="CLASS" missed="1" covered="0"/></sourcefile><counter type="INSTRUCTION" missed="6" covered="24"/><counter type="LINE" missed="2" covered="3"/><counter type="COMPLEXITY" missed="2" covered="1"/><counter type="METHOD" missed="2" covered="1"/><counter type="CLASS" missed="2" covered="1"/></package><package name="com/parkit/parkingsystem/util"><class name="com/parkit/parkingsystem/util/InputReaderUtil" sourcefilename="InputReaderUtil.java"><method name="&lt;clinit&gt;" desc="()V" line="10"><counter type="INSTRUCTION" missed="0" covered="9"/><counter type="LINE" missed="0" covered="2"/><counter type="COMPLEXITY" missed="0" covered="1"/><counter type="METHOD" missed="0" covered="1"/></method><method name="&lt;init&gt;" desc="()V" line="8"><counter type="INSTRUCTION" missed="3" covered="0"/><counter type="LINE" missed="1" covered="0"/><counter type="COMPLEXITY" missed="1" covered="0"/><counter type="METHOD" missed="1" covered="0"/></method><method name="readSelection" desc="()I" line="15"><counter type="INSTRUCTION" missed="16" covered="0"/><counter type="LINE" missed="6" covered="0"/><counter type="COMPLEXITY" missed="1" covered="0"/><counter type="METHOD" missed="1" covered="0"/></method><method name="readVehicleRegistrationNumber" desc="()Ljava/lang/String;" line="26"><counter type="INSTRUCTION" missed="26" covered="0"/><counter type="BRANCH" missed="4" covered="0"/><counter type="LINE" missed="8" covered="0"/><counter type="COMPLEXITY" missed="3" covered="0"/><counter type="METHOD" missed="1" covered="0"/></method><counter type="INSTRUCTION" missed="45" covered="9"/><counter type="BRANCH" missed="4" covered="0"/><counter type="LINE" missed="15" covered="2"/><counter type="COMPLEXITY" missed="5" covered="1"/><counter type="METHOD" missed="3" covered="1"/><counter type="CLASS" missed="0" covered="1"/></class><sourcefile name="InputReaderUtil.java"><line nr="8" mi="3" ci="0" mb="0" cb="0"/><line nr="10" mi="0" ci="5" mb="0" cb="0"/><line nr="11" mi="0" ci="4" mb="0" cb="0"/><line nr="15" mi="4" ci="0" mb="0" cb="0"/><line nr="16" mi="2" ci="0" mb="0" cb="0"/><line nr="17" mi="1" ci="0" mb="0" cb="0"/><line nr="18" mi="4" ci="0" mb="0" cb="0"/><line nr="19" mi="3" ci="0" mb="0" cb="0"/><line nr="20" mi="2" ci="0" mb="0" cb="0"/><line nr="26" mi="3" ci="0" mb="0" cb="0"/><line nr="27" mi="6" ci="0" mb="4" cb="0"/><line nr="28" mi="5" ci="0" mb="0" cb="0"/><line nr="30" mi="2" ci="0" mb="0" cb="0"/><line nr="31" mi="1" ci="0" mb="0" cb="0"/><line nr="32" mi="4" ci="0" mb="0" cb="0"/><line nr="33" mi="3" ci="0" mb="0" cb="0"/><line nr="34" mi="2" ci="0" mb="0" cb="0"/><counter type="INSTRUCTION" missed="45" covered="9"/><counter type="BRANCH" missed="4" covered="0"/><counter type="LINE" missed="15" covered="2"/><counter type="COMPLEXITY" missed="5" covered="1"/><counter type="METHOD" missed="3" covered="1"/><counter type="CLASS" missed="0" covered="1"/></sourcefile><counter type="INSTRUCTION" missed="45" covered="9"/><counter type="BRANCH" missed="4" covered="0"/><counter type="LINE" missed="15" covered="2"/><counter type="COMPLEXITY" missed="5" covered="1"/><counter type="METHOD" missed="3" covered="1"/><counter type="CLASS" missed="0" covered="1"/></package><package name="com/parkit/parkingsystem/dao"><class name="com/parkit/parkingsystem/dao/TicketDAO" sourcefilename="TicketDAO.java"><method name="&lt;clinit&gt;" desc="()V" line="18"><counter type="INSTRUCTION" missed="0" covered="4"/><counter type="LINE" missed="0" covered="1"/><counter type="COMPLEXITY" missed="0" covered="1"/><counter type="METHOD" missed="0" covered="1"/></method><method name="&lt;init&gt;" desc="()V" line="16"><counter type="INSTRUCTION" missed="0" covered="8"/><counter type="LINE" missed="0" covered="2"/><counter type="COMPLEXITY" missed="0" covered="1"/><counter type="METHOD" missed="0" covered="1"/></method><method name="saveTicket" desc="(Lcom/parkit/parkingsystem/model/Ticket;)Z" line="23"><counter type="INSTRUCTION" missed="13" covered="53"/><counter type="BRANCH" missed="1" covered="1"/><counter type="LINE" missed="3" covered="11"/><counter type="COMPLEXITY" missed="1" covered="1"/><counter type="METHOD" missed="0" covered="1"/></method><method name="getTicket" desc="(Ljava/lang/String;)Lcom/parkit/parkingsystem/model/Ticket;" line="44"><counter type="INSTRUCTION" missed="7" covered="79"/><counter type="BRANCH" missed="1" covered="1"/><counter type="LINE" missed="2" covered="20"/><counter type="COMPLEXITY" missed="1" covered="1"/><counter type="METHOD" missed="0" covered="1"/></method><method name="updateTicket" desc="(Lcom/parkit/parkingsystem/model/Ticket;)Z" line="73"><counter type="INSTRUCTION" missed="7" covered="38"/><counter type="LINE" missed="3" covered="9"/><counter type="COMPLEXITY" missed="0" covered="1"/><counter type="METHOD" missed="0" covered="1"/></method><method name="getNbTicket" desc="(Ljava/lang/String;)I" line="91"><counter type="INSTRUCTION" missed="5" covered="35"/><counter type="BRANCH" missed="1" covered="1"/><counter type="LINE" missed="1" covered="11"/><counter type="COMPLEXITY" missed="1" covered="1"/><counter type="METHOD" missed="0" covered="1"/></method><counter type="INSTRUCTION" missed="32" covered="217"/><counter type="BRANCH" missed="3" covered="3"/><counter type="LINE" missed="9" covered="54"/><counter type="COMPLEXITY" missed="3" covered="6"/><counter type="METHOD" missed="0" covered="6"/><counter type="CLASS" missed="0" covered="1"/></class><class name="com/parkit/parkingsystem/dao/ParkingSpotDAO" sourcefilename="ParkingSpotDAO.java"><method name="&lt;clinit&gt;" desc="()V" line="15"><counter type="INSTRUCTION" missed="0" covered="4"/><counter type="LINE" missed="0" covered="1"/><counter type="COMPLEXITY" missed="0" covered="1"/><counter type="METHOD" missed="0" covered="1"/></method><method name="&lt;init&gt;" desc="()V" line="14"><counter type="INSTRUCTION" missed="0" covered="8"/><counter type="LINE" missed="0" covered="2"/><counter type="COMPLEXITY" missed="0" covered="1"/><counter type="METHOD" missed="0" covered="1"/></method><method name="getNextAvailableSlot" desc="(Lcom/parkit/parkingsystem/constants/ParkingType;)I" line="20"><counter type="INSTRUCTION" missed="5" covered="42"/><counter type="BRANCH" missed="1" covered="1"/><counter type="LINE" missed="1" covered="13"/><counter type="COMPLEXITY" missed="1" covered="1"/><counter type="METHOD" missed="0" covered="1"/></method><method name="updateParking" desc="(Lcom/parkit/parkingsystem/model/ParkingSpot;)Z" line="42"><counter type="INSTRUCTION" missed="8" covered="39"/><counter type="BRANCH" missed="1" covered="1"/><counter type="LINE" missed="3" covered="9"/><counter type="COMPLEXITY" missed="1" covered="1"/><counter type="METHOD" missed="0" covered="1"/></method><counter type="INSTRUCTION" missed="13" covered="93"/><counter type="BRANCH" missed="2" covered="2"/><counter type="LINE" missed="4" covered="25"/><counter type="COMPLEXITY" missed="2" covered="4"/><counter type="METHOD" missed="0" covered="4"/><counter type="CLASS" missed="0" covered="1"/></class><sourcefile name="ParkingSpotDAO.java"><line nr="14" mi="0" ci="3" mb="0" cb="0"/><line nr="15" mi="0" ci="4" mb="0" cb="0"/><line nr="17" mi="0" ci="5" mb="0" cb="0"/><line nr="20" mi="0" ci="2" mb="0" cb="0"/><line nr="21" mi="0" ci="2" mb="0" cb="0"/><line nr="23" mi="0" ci="4" mb="0" cb="0"/><line nr="24" mi="0" ci="4" mb="0" cb="0"/><line nr="25" mi="0" ci="5" mb="0" cb="0"/><line nr="26" mi="0" ci="3" mb="0" cb="0"/><line nr="27" mi="0" ci="3" mb="1" cb="1"/><line nr="28" mi="0" ci="4" mb="0" cb="0"/><line nr="30" mi="0" ci="4" mb="0" cb="0"/><line nr="31" mi="0" ci="4" mb="0" cb="0"/><line nr="32" mi="1" ci="1" mb="0" cb="0"/><line nr="33" mi="4" ci="0" mb="0" cb="0"/><line nr="35" mi="0" ci="4" mb="0" cb="0"/><line nr="37" mi="0" ci="2" mb="0" cb="0"/><line nr="42" mi="0" ci="2" mb="0" cb="0"/><line nr="44" mi="0" ci="4" mb="0" cb="0"/><line nr="45" mi="0" ci="4" mb="0" cb="0"/><line nr="46" mi="0" ci="5" mb="0" cb="0"/><line nr="47" mi="0" ci="5" mb="0" cb="0"/><line nr="48" mi="0" ci="3" mb="0" cb="0"/><line nr="49" mi="0" ci="4" mb="0" cb="0"/><line nr="50" mi="1" ci="8" mb="1" cb="1"/><line nr="51" mi="1" ci="0" mb="0" cb="0"/><line nr="52" mi="4" ci="0" mb="0" cb="0"/><line nr="53" mi="2" ci="0" mb="0" cb="0"/><line nr="55" mi="0" ci="4" mb="0" cb="0"/><counter type="INSTRUCTION" missed="13" covered="93"/><counter type="BRANCH" missed="2" covered="2"/><counter type="LINE" missed="4" covered="25"/><counter type="COMPLEXITY" missed="2" covered="4"/><counter type="METHOD" missed="0" covered="4"/><counter type="CLASS" missed="0" covered="1"/></sourcefile><sourcefile name="TicketDAO.java"><line nr="16" mi="0" ci="3" mb="0" cb="0"/><line nr="18" mi="0" ci="4" mb="0" cb="0"/><line nr="20" mi="0" ci="5" mb="0" cb="0"/><line nr="23" mi="0" ci="2" mb="0" cb="0"/><line nr="25" mi="0" ci="4" mb="0" cb="0"/><line nr="26" mi="0" ci="4" mb="0" cb="0"/><line nr="29" mi="0" ci="6" mb="0" cb="0"/><line nr="30" mi="0" ci="5" mb="0" cb="0"/><line nr="31" mi="0" ci="5" mb="0" cb="0"/><line nr="32" mi="0" ci="9" mb="0" cb="0"/><line nr="33" mi="6" ci="8" mb="1" cb="1"/><line nr="34" mi="0" ci="4" mb="0" cb="0"/><line nr="35" mi="1" ci="0" mb="0" cb="0"/><line nr="36" mi="5" ci="0" mb="0" cb="0"/><line nr="37" mi="1" ci="0" mb="0" cb="0"/><line nr="38" mi="0" ci="4" mb="0" cb="0"/><line nr="39" mi="0" ci="2" mb="0" cb="0"/><line nr="44" mi="0" ci="2" mb="0" cb="0"/><line nr="45" mi="0" ci="2" mb="0" cb="0"/><line nr="47" mi="0" ci="4" mb="0" cb="0"/><line nr="48" mi="0" ci="4" mb="0" cb="0"/><line nr="50" mi="0" ci="4" mb="0" cb="0"/><line nr="51" mi="0" ci="3" mb="0" cb="0"/><line nr="52" mi="0" ci="3" mb="1" cb="1"/><line nr="53" mi="0" ci="4" mb="0" cb="0"/><line nr="54" mi="0" ci="12" mb="0" cb="0"/><line nr="55" mi="0" ci="3" mb="0" cb="0"/><line nr="56" mi="0" ci="5" mb="0" cb="0"/><line nr="57" mi="0" ci="3" mb="0" cb="0"/><line nr="58" mi="0" ci="5" mb="0" cb="0"/><line nr="59" mi="0" ci="5" mb="0" cb="0"/><line nr="60" mi="0" ci="5" mb="0" cb="0"/><line nr="62" mi="0" ci="4" mb="0" cb="0"/><line nr="63" mi="0" ci="4" mb="0" cb="0"/><line nr="64" mi="1" ci="1" mb="0" cb="0"/><line nr="65" mi="5" ci="0" mb="0" cb="0"/><line nr="66" mi="1" ci="0" mb="0" cb="0"/><line nr="67" mi="0" ci="4" mb="0" cb="0"/><line nr="68" mi="0" ci="2" mb="0" cb="0"/><line nr="73" mi="0" ci="2" mb="0" cb="0"/><line nr="75" mi="0" ci="4" mb="0" cb="0"/><line nr="76" mi="0" ci="4" mb="0" cb="0"/><line nr="77" mi="0" ci="5" mb="0" cb="0"/><line nr="78" mi="0" ci="9" mb="0" cb="0"/><line nr="79" mi="0" ci="5" mb="0" cb="0"/><line nr="80" mi="0" ci="3" mb="0" cb="0"/><line nr="81" mi="0" ci="2" mb="0" cb="0"/><line nr="82" mi="1" ci="0" mb="0" cb="0"/><line nr="83" mi="4" ci="0" mb="0" cb="0"/><line nr="85" mi="0" ci="4" mb="0" cb="0"/><line nr="87" mi="2" ci="0" mb="0" cb="0"/><line nr="91" mi="0" ci="2" mb="0" cb="0"/><line nr="92" mi="0" ci="2" mb="0" cb="0"/><line nr="95" mi="0" ci="4" mb="0" cb="0"/><line nr="96" mi="0" ci="4" mb="0" cb="0"/><line nr="97" mi="0" ci="4" mb="0" cb="0"/><line nr="98" mi="0" ci="3" mb="0" cb="0"/><line nr="99" mi="0" ci="3" mb="1" cb="1"/><line nr="100" mi="0" ci="5" mb="0" cb="0"/><line nr="102" mi="1" ci="1" mb="0" cb="0"/><line nr="103" mi="4" ci="0" mb="0" cb="0"/><line nr="105" mi="0" ci="4" mb="0" cb="0"/><line nr="107" mi="0" ci="3" mb="0" cb="0"/><counter type="INSTRUCTION" missed="32" covered="217"/><counter type="BRANCH" missed="3" covered="3"/><counter type="LINE" missed="9" covered="54"/><counter type="COMPLEXITY" missed="3" covered="6"/><counter type="METHOD" missed="0" covered="6"/><counter type="CLASS" missed="0" covered="1"/></sourcefile><counter type="INSTRUCTION" missed="45" covered="310"/><counter type="BRANCH" missed="5" covered="5"/><counter type="LINE" missed="13" covered="79"/><counter type="COMPLEXITY" missed="5" covered="10"/><counter type="METHOD" missed="0" covered="10"/><counter type="CLASS" missed="0" covered="2"/></package><package name="com/parkit/parkingsystem/config"><class name="com/parkit/parkingsystem/config/DataBaseConfig" sourcefilename="DataBaseConfig.java"><method name="&lt;clinit&gt;" desc="()V" line="10"><counter type="INSTRUCTION" missed="0" covered="4"/><counter type="LINE" missed="0" covered="1"/><counter type="COMPLEXITY" missed="0" covered="1"/><counter type="METHOD" missed="0" covered="1"/></method><method name="&lt;init&gt;" desc="()V" line="8"><counter type="INSTRUCTION" missed="0" covered="3"/><counter type="LINE" missed="0" covered="1"/><counter type="COMPLEXITY" missed="0" covered="1"/><counter type="METHOD" missed="0" covered="1"/></method><method name="getConnection" desc="()Ljava/sql/Connection;" line="13"><counter type="INSTRUCTION" missed="11" covered="0"/><counter type="LINE" missed="4" covered="0"/><counter type="COMPLEXITY" missed="1" covered="0"/><counter type="METHOD" missed="1" covered="0"/></method><method name="closeConnection" desc="(Ljava/sql/Connection;)V" line="20"><counter type="INSTRUCTION" missed="14" covered="0"/><counter type="BRANCH" missed="2" covered="0"/><counter type="LINE" missed="6" covered="0"/><counter type="COMPLEXITY" missed="2" covered="0"/><counter type="METHOD" missed="1" covered="0"/></method><method name="closePreparedStatement" desc="(Ljava/sql/PreparedStatement;)V" line="31"><counter type="INSTRUCTION" missed="14" covered="0"/><counter type="BRANCH" missed="2" covered="0"/><counter type="LINE" missed="6" covered="0"/><counter type="COMPLEXITY" missed="2" covered="0"/><counter type="METHOD" missed="1" covered="0"/></method><method name="closeResultSet" desc="(Ljava/sql/ResultSet;)V" line="42"><counter type="INSTRUCTION" missed="14" covered="0"/><counter type="BRANCH" missed="2" covered="0"/><counter type="LINE" missed="6" covered="0"/><counter type="COMPLEXITY" missed="2" covered="0"/><counter type="METHOD" missed="1" covered="0"/></method><counter type="INSTRUCTION" missed="53" covered="7"/><counter type="BRANCH" missed="6" covered="0"/><counter type="LINE" missed="22" covered="2"/><counter type="COMPLEXITY" missed="7" covered="2"/><counter type="METHOD" missed="4" covered="2"/><counter type="CLASS" missed="0" covered="1"/></class><sourcefile name="DataBaseConfig.java"><line nr="8" mi="0" ci="3" mb="0" cb="0"/><line nr="10" mi="0" ci="4" mb="0" cb="0"/><line nr="13" mi="3" ci="0" mb="0" cb="0"/><line nr="14" mi="3" ci="0" mb="0" cb="0"/><line nr="15" mi="2" ci="0" mb="0" cb="0"/><line nr="16" mi="3" ci="0" mb="0" cb="0"/><line nr="20" mi="2" ci="0" mb="2" cb="0"/><line nr="22" mi="2" ci="0" mb="0" cb="0"/><line nr="23" mi="3" ci="0" mb="0" cb="0"/><line nr="24" mi="2" ci="0" mb="0" cb="0"/><line nr="25" mi="4" ci="0" mb="0" cb="0"/><line nr="28" mi="1" ci="0" mb="0" cb="0"/><line nr="31" mi="2" ci="0" mb="2" cb="0"/><line nr="33" mi="2" ci="0" mb="0" cb="0"/><line nr="34" mi="3" ci="0" mb="0" cb="0"/><line nr="35" mi="2" ci="0" mb="0" cb="0"/><line nr="36" mi="4" ci="0" mb="0" cb="0"/><line nr="39" mi="1" ci="0" mb="0" cb="0"/><line nr="42" mi="2" ci="0" mb="2" cb="0"/><line nr="44" mi="2" ci="0" mb="0" cb="0"/><line nr="45" mi="3" ci="0" mb="0" cb="0"/><line nr="46" mi="2" ci="0" mb="0" cb="0"/><line nr="47" mi="4" ci="0" mb="0" cb="0"/><line nr="50" mi="1" ci="0" mb="0" cb="0"/><counter type="INSTRUCTION" missed="53" covered="7"/><counter type="BRANCH" missed="6" covered="0"/><counter type="LINE" missed="22" covered="2"/><counter type="COMPLEXITY" missed="7" covered="2"/><counter type="METHOD" missed="4" covered="2"/><counter type="CLASS" missed="0" covered="1"/></sourcefile><counter type="INSTRUCTION" missed="53" covered="7"/><counter type="BRANCH" missed="6" covered="0"/><counter type="LINE" missed="22" covered="2"/><counter type="COMPLEXITY" missed="7" covered="2"/><counter type="METHOD" missed="4" covered="2"/><counter type="CLASS" missed="0" covered="1"/></package><counter type="INSTRUCTION" missed="257" covered="801"/><counter type="BRANCH" missed="27" covered="29"/><counter type="LINE" missed="92" covered="215"/><counter type="COMPLEXITY" missed="38" covered="52"/><counter type="METHOD" missed="18" covered="42"/><counter type="CLASS" missed="4" covered="9"/></report>